<?xml version="1.0" encoding="UTF-8"?>
<testsuite xmlns:xsi="http://www.w3.org/2001/XMLSchema-instance" xsi:noNamespaceSchemaLocation="https://maven.apache.org/surefire/maven-surefire-plugin/xsd/surefire-test-report-3.0.xsd" version="3.0" name="com.srvcode.jdbc.SpringJdbcDemoApplicationTests" time="3.668" tests="1" errors="0" skipped="0" failures="0">
  <properties>
[...]
</properties>
  <testcase name="contextLoads" classname="com.srvcode.jdbc.SpringJdbcDemoApplicationTests" time="0.795">
    <system-out><![CDATA[18:22:49.676 [main] INFO org.springframework.test.context.support.AnnotationConfigContextLoaderUtils -- Could not detect default configuration classes for test class [com.srvcode.jdbc.SpringJdbcDemoApplicationTests]: SpringJdbcDemoApplicationTests does not declare any static, non-private, non-final, nested classes annotated with @Configuration.
18:22:49.796 [main] INFO org.springframework.boot.test.context.SpringBootTestContextBootstrapper -- Found @SpringBootConfiguration com.srvcode.jdbc.SpringBootJdbcApplication for test class com.srvcode.jdbc.SpringJdbcDemoApplicationTests

  .   ____          _            __ _ _
 /\\ / ___'_ __ _ _(_)_ __  __ _ \ \ \ \
( ( )\___ | '_ | '_| | '_ \/ _` | \ \ \ \
 \\/  ___)| |_)| | | | | || (_| |  ) ) ) )
  '  |____| .__|_| |_|_| |_\__, | / / / /
 =========|_|==============|___/=/_/_/_/
 :: Spring Boot ::                (v3.2.2)

2024-01-27T18:22:50.147+05:30  INFO 24160 --- [           main] c.s.jdbc.SpringJdbcDemoApplicationTests  : Starting SpringJdbcDemoApplicationTests using Java 17.0.6 with PID 24160 (started by Shivam RaJ in D:\IntellijWS\SpringWS\SpringBootJdbcDemo)
2024-01-27T18:22:50.148+05:30  INFO 24160 --- [           main] c.s.jdbc.SpringJdbcDemoApplicationTests  : No active profile set, falling back to 1 default profile: "default"
2024-01-27T18:22:50.618+05:30  INFO 24160 --- [           main] .s.d.r.c.RepositoryConfigurationDelegate : Bootstrapping Spring Data JDBC repositories in DEFAULT mode.
2024-01-27T18:22:50.646+05:30  INFO 24160 --- [           main] .s.d.r.c.RepositoryConfigurationDelegate : Finished Spring Data repository scanning in 24 ms. Found 0 JDBC repository interfaces.
2024-01-27T18:22:51.763+05:30  INFO 24160 --- [           main] com.zaxxer.hikari.HikariDataSource       : HikariPool-1 - Starting...
2024-01-27T18:22:52.157+05:30  INFO 24160 --- [           main] com.zaxxer.hikari.pool.HikariPool        : HikariPool-1 - Added connection com.mysql.cj.jdbc.ConnectionImpl@79195c22
2024-01-27T18:22:52.159+05:30  INFO 24160 --- [           main] com.zaxxer.hikari.HikariDataSource       : HikariPool-1 - Start completed.
2024-01-27T18:22:52.379+05:30  INFO 24160 --- [           main] c.s.jdbc.SpringJdbcDemoApplicationTests  : Started SpringJdbcDemoApplicationTests in 2.42 seconds (process running for 3.251)
]]></system-out>
  </testcase>
</testsuite>